RUN	com.hmhco.quality.mi.simulation.EpicSimulation		epicsimulation	1554541486296	Math Inventory Gatling Tests	2.0
USER	Epic 729 API scenario	1	START	1554541489289	1554541489289
REQUEST	Epic 729 API scenario	1		Authorize - /authorize	1554541489340	1554541490212	OK	 
REQUEST	Epic 729 API scenario	1	729 Epic on MI	Getting Student Profile	1554541490379	1554541492198	OK	 
USER	Epic 729 API scenario	2	START	1554541493429	1554541493429
REQUEST	Epic 729 API scenario	2		Authorize - /authorize	1554541493432	1554541494037	OK	 
REQUEST	Epic 729 API scenario	2	729 Epic on MI	Getting Student Profile	1554541494044	1554541495571	OK	 
USER	Epic 729 API scenario	3	START	1554541496531	1554541496531
REQUEST	Epic 729 API scenario	3		Authorize - /authorize	1554541496533	1554541497108	OK	 
REQUEST	Epic 729 API scenario	1	729 Epic on MI	Creating Assessment	1554541497081	1554541497449	KO	status.find.is(201), but actually found 500
GROUP	Epic 729 API scenario	1	729 Epic on MI	1554541490368	1554541497473	2187	KO
REQUEST	Epic 729 API scenario	1	729 Epic on MI	Getting Student Profile	1554541497482	1554541497737	OK	 
REQUEST	Epic 729 API scenario	3	729 Epic on MI	Getting Student Profile	1554541497113	1554541498438	OK	 
USER	Epic 729 API scenario	4	START	1554541499300	1554541499300
REQUEST	Epic 729 API scenario	4		Authorize - /authorize	1554541499302	1554541499881	OK	 
REQUEST	Epic 729 API scenario	2	729 Epic on MI	Creating Assessment	1554541500581	1554541500838	KO	status.find.is(201), but actually found 500
GROUP	Epic 729 API scenario	2	729 Epic on MI	1554541494043	1554541500841	1784	KO
REQUEST	Epic 729 API scenario	2	729 Epic on MI	Getting Student Profile	1554541500843	1554541501102	OK	 
REQUEST	Epic 729 API scenario	4	729 Epic on MI	Getting Student Profile	1554541499886	1554541501311	OK	 
USER	Epic 729 API scenario	5	START	1554541502070	1554541502070
REQUEST	Epic 729 API scenario	5		Authorize - /authorize	1554541502072	1554541502636	OK	 
REQUEST	Epic 729 API scenario	1	729 Epic on MI	Creating Assessment	1554541502721	1554541502976	KO	status.find.is(201), but actually found 500
GROUP	Epic 729 API scenario	1	729 Epic on MI	1554541497481	1554541502978	510	KO
USER	Epic 729 API scenario	1	END	1554541489289	1554541502982
REQUEST	Epic 729 API scenario	5	729 Epic on MI	Getting Student Profile	1554541502641	1554541503672	OK	 
REQUEST	Epic 729 API scenario	3	729 Epic on MI	Creating Assessment	1554541503462	1554541503729	KO	status.find.is(201), but actually found 500
GROUP	Epic 729 API scenario	3	729 Epic on MI	1554541497112	1554541503733	1592	KO
REQUEST	Epic 729 API scenario	3	729 Epic on MI	Getting Student Profile	1554541503735	1554541503988	OK	 
USER	Epic 729 API scenario	6	START	1554541505160	1554541505160
REQUEST	Epic 729 API scenario	6		Authorize - /authorize	1554541505163	1554541505794	OK	 
REQUEST	Epic 729 API scenario	2	729 Epic on MI	Creating Assessment	1554541506102	1554541506454	KO	status.find.is(201), but actually found 500
GROUP	Epic 729 API scenario	2	729 Epic on MI	1554541500842	1554541506456	611	KO
USER	Epic 729 API scenario	2	END	1554541493429	1554541506458
REQUEST	Epic 729 API scenario	4	729 Epic on MI	Creating Assessment	1554541506330	1554541506581	KO	status.find.is(201), but actually found 500
GROUP	Epic 729 API scenario	4	729 Epic on MI	1554541499885	1554541506583	1676	KO
REQUEST	Epic 729 API scenario	4	729 Epic on MI	Getting Student Profile	1554541506584	1554541506839	OK	 
REQUEST	Epic 729 API scenario	6	729 Epic on MI	Getting Student Profile	1554541505798	1554541506956	OK	 
REQUEST	Epic 729 API scenario	5	729 Epic on MI	Creating Assessment	1554541508691	1554541508989	KO	status.find.is(201), but actually found 500
GROUP	Epic 729 API scenario	5	729 Epic on MI	1554541502640	1554541508992	1329	KO
REQUEST	Epic 729 API scenario	5	729 Epic on MI	Getting Student Profile	1554541508994	1554541509296	OK	 
REQUEST	Epic 729 API scenario	3	729 Epic on MI	Creating Assessment	1554541508981	1554541509296	KO	status.find.is(201), but actually found 500
GROUP	Epic 729 API scenario	3	729 Epic on MI	1554541503734	1554541509300	568	KO
USER	Epic 729 API scenario	3	END	1554541496531	1554541509303
REQUEST	Epic 729 API scenario	4	729 Epic on MI	Creating Assessment	1554541511840	1554541512096	KO	status.find.is(201), but actually found 500
GROUP	Epic 729 API scenario	4	729 Epic on MI	1554541506584	1554541512099	511	KO
USER	Epic 729 API scenario	4	END	1554541499300	1554541512102
REQUEST	Epic 729 API scenario	6	729 Epic on MI	Creating Assessment	1554541511971	1554541512262	KO	status.find.is(201), but actually found 500
GROUP	Epic 729 API scenario	6	729 Epic on MI	1554541505797	1554541512266	1449	KO
REQUEST	Epic 729 API scenario	6	729 Epic on MI	Getting Student Profile	1554541512268	1554541512524	OK	 
REQUEST	Epic 729 API scenario	5	729 Epic on MI	Creating Assessment	1554541514290	1554541514546	KO	status.find.is(201), but actually found 500
GROUP	Epic 729 API scenario	5	729 Epic on MI	1554541508993	1554541514549	558	KO
USER	Epic 729 API scenario	5	END	1554541502070	1554541514552
REQUEST	Epic 729 API scenario	6	729 Epic on MI	Creating Assessment	1554541517521	1554541517894	KO	status.find.is(201), but actually found 500
GROUP	Epic 729 API scenario	6	729 Epic on MI	1554541512267	1554541517897	629	KO
USER	Epic 729 API scenario	6	END	1554541505160	1554541517899
