RUN	com.hmhco.quality.mi.simulation.EpicSimulation		epicsimulation	1554455012848	Math Inventory Gatling Tests	2.0
USER	Epic 729 API scenario	1	START	1554455014642	1554455014642
REQUEST	Epic 729 API scenario	1		Authorize - /authorize	1554455014678	1554455015467	OK	 
REQUEST	Epic 729 API scenario	1	729 Epic on MI	Getting Student Profile	1554455015615	1554455017233	OK	 
USER	Epic 729 API scenario	2	START	1554455018799	1554455018799
REQUEST	Epic 729 API scenario	2		Authorize - /authorize	1554455018802	1554455019337	OK	 
REQUEST	Epic 729 API scenario	2	729 Epic on MI	Getting Student Profile	1554455019341	1554455020234	OK	 
USER	Epic 729 API scenario	3	START	1554455021890	1554455021890
REQUEST	Epic 729 API scenario	3		Authorize - /authorize	1554455021893	1554455022429	OK	 
REQUEST	Epic 729 API scenario	1	729 Epic on MI	Creating Assessment	1554455022110	1554455022567	OK	 
REQUEST	Epic 729 API scenario	3	729 Epic on MI	Getting Student Profile	1554455022432	1554455023595	OK	 
USER	Epic 729 API scenario	4	START	1554455024659	1554455024659
REQUEST	Epic 729 API scenario	4		Authorize - /authorize	1554455024662	1554455025210	OK	 
REQUEST	Epic 729 API scenario	2	729 Epic on MI	Creating Assessment	1554455025250	1554455025537	OK	 
REQUEST	Epic 729 API scenario	4	729 Epic on MI	Getting Student Profile	1554455025215	1554455026367	OK	 
USER	Epic 729 API scenario	5	START	1554455027429	1554455027429
REQUEST	Epic 729 API scenario	1	729 Epic on MI	Posting Answer	1554455027576	1554455027853	OK	 
REQUEST	Epic 729 API scenario	5		Authorize - /authorize	1554455027432	1554455027996	OK	 
REQUEST	Epic 729 API scenario	3	729 Epic on MI	Creating Assessment	1554455028610	1554455028984	OK	 
REQUEST	Epic 729 API scenario	5	729 Epic on MI	Getting Student Profile	1554455028000	1554455029151	OK	 
USER	Epic 729 API scenario	6	START	1554455030519	1554455030519
REQUEST	Epic 729 API scenario	2	729 Epic on MI	Posting Answer	1554455030540	1554455030806	OK	 
REQUEST	Epic 729 API scenario	6		Authorize - /authorize	1554455030522	1554455031055	OK	 
REQUEST	Epic 729 API scenario	4	729 Epic on MI	Creating Assessment	1554455031390	1554455031670	OK	 
REQUEST	Epic 729 API scenario	6	729 Epic on MI	Getting Student Profile	1554455031059	1554455031938	OK	 
REQUEST	Epic 729 API scenario	3	729 Epic on MI	Posting Answer	1554455033990	1554455034254	OK	 
REQUEST	Epic 729 API scenario	5	729 Epic on MI	Creating Assessment	1554455034170	1554455034452	OK	 
GROUP	Epic 729 API scenario	1	729 Epic on MI	1554455015611	1554455034860	2352	OK
REQUEST	Epic 729 API scenario	1	729 Epic on MI	Getting Student Profile	1554455034864	1554455035115	OK	 
REQUEST	Epic 729 API scenario	4	729 Epic on MI	Posting Answer	1554455036671	1554455036932	OK	 
REQUEST	Epic 729 API scenario	6	729 Epic on MI	Creating Assessment	1554455036960	1554455037233	OK	 
GROUP	Epic 729 API scenario	2	729 Epic on MI	1554455019340	1554455037809	1446	OK
REQUEST	Epic 729 API scenario	2	729 Epic on MI	Getting Student Profile	1554455037810	1554455038059	OK	 
REQUEST	Epic 729 API scenario	5	729 Epic on MI	Posting Answer	1554455039449	1554455039806	OK	 
REQUEST	Epic 729 API scenario	1	729 Epic on MI	Creating Assessment	1554455040111	1554455040389	OK	 
GROUP	Epic 729 API scenario	3	729 Epic on MI	1554455022432	1554455041259	1801	OK
REQUEST	Epic 729 API scenario	3	729 Epic on MI	Getting Student Profile	1554455041261	1554455041510	OK	 
REQUEST	Epic 729 API scenario	6	729 Epic on MI	Posting Answer	1554455042230	1554455042499	OK	 
REQUEST	Epic 729 API scenario	2	729 Epic on MI	Creating Assessment	1554455043060	1554455043338	OK	 
GROUP	Epic 729 API scenario	4	729 Epic on MI	1554455025215	1554455043929	1693	OK
REQUEST	Epic 729 API scenario	4	729 Epic on MI	Getting Student Profile	1554455043931	1554455044182	OK	 
REQUEST	Epic 729 API scenario	1	729 Epic on MI	Posting Answer	1554455045390	1554455045665	OK	 
REQUEST	Epic 729 API scenario	3	729 Epic on MI	Creating Assessment	1554455046511	1554455046785	OK	 
GROUP	Epic 729 API scenario	5	729 Epic on MI	1554455027999	1554455046809	1790	OK
REQUEST	Epic 729 API scenario	5	729 Epic on MI	Getting Student Profile	1554455046810	1554455047057	OK	 
REQUEST	Epic 729 API scenario	2	729 Epic on MI	Posting Answer	1554455048341	1554455048700	OK	 
REQUEST	Epic 729 API scenario	4	729 Epic on MI	Creating Assessment	1554455049181	1554455049467	OK	 
GROUP	Epic 729 API scenario	6	729 Epic on MI	1554455031059	1554455049499	1421	OK
REQUEST	Epic 729 API scenario	6	729 Epic on MI	Getting Student Profile	1554455049501	1554455049751	OK	 
REQUEST	Epic 729 API scenario	3	729 Epic on MI	Posting Answer	1554455051781	1554455052043	OK	 
REQUEST	Epic 729 API scenario	5	729 Epic on MI	Creating Assessment	1554455052060	1554455052340	OK	 
GROUP	Epic 729 API scenario	1	729 Epic on MI	1554455034863	1554455052669	804	OK
USER	Epic 729 API scenario	1	END	1554455014642	1554455052676
REQUEST	Epic 729 API scenario	4	729 Epic on MI	Posting Answer	1554455054470	1554455054731	OK	 
REQUEST	Epic 729 API scenario	6	729 Epic on MI	Creating Assessment	1554455054750	1554455055021	OK	 
GROUP	Epic 729 API scenario	2	729 Epic on MI	1554455037810	1554455055700	886	OK
USER	Epic 729 API scenario	2	END	1554455018799	1554455055702
REQUEST	Epic 729 API scenario	5	729 Epic on MI	Posting Answer	1554455057340	1554455057602	OK	 
GROUP	Epic 729 API scenario	3	729 Epic on MI	1554455041260	1554455059049	785	OK
USER	Epic 729 API scenario	3	END	1554455021890	1554455059050
REQUEST	Epic 729 API scenario	6	729 Epic on MI	Posting Answer	1554455060020	1554455060374	OK	 
GROUP	Epic 729 API scenario	4	729 Epic on MI	1554455043930	1554455061729	798	OK
USER	Epic 729 API scenario	4	END	1554455024659	1554455061730
GROUP	Epic 729 API scenario	5	729 Epic on MI	1554455046810	1554455064609	789	OK
USER	Epic 729 API scenario	5	END	1554455027429	1554455064611
GROUP	Epic 729 API scenario	6	729 Epic on MI	1554455049500	1554455067380	875	OK
USER	Epic 729 API scenario	6	END	1554455030519	1554455067382
