RUN	com.hmhco.quality.mi.simulation.EpicSimulation		epicsimulation	1554660541419	Math Inventory Gatling Tests	2.0
USER	Epic 729 API scenario	1	START	1554660551133	1554660551133
REQUEST	Epic 729 API scenario	1		Authorize - /authorize	1554660551176	1554660552153	OK	 
REQUEST	Epic 729 API scenario	1	729 Epic on MI	Getting Student Profile	1554660552392	1554660554348	OK	 
USER	Epic 729 API scenario	2	START	1554660555289	1554660555289
REQUEST	Epic 729 API scenario	2		Authorize - /authorize	1554660555291	1554660555859	OK	 
REQUEST	Epic 729 API scenario	2	729 Epic on MI	Getting Student Profile	1554660555862	1554660556788	OK	 
USER	Epic 729 API scenario	3	START	1554660558379	1554660558379
REQUEST	Epic 729 API scenario	3		Authorize - /authorize	1554660558381	1554660558942	OK	 
REQUEST	Epic 729 API scenario	1	729 Epic on MI	Creating Assessment	1554660559139	1554660559500	KO	status.find.is(201), but actually found 500
GROUP	Epic 729 API scenario	1	729 Epic on MI	1554660552389	1554660559520	2317	KO
REQUEST	Epic 729 API scenario	1	729 Epic on MI	Getting Student Profile	1554660559526	1554660559792	OK	 
REQUEST	Epic 729 API scenario	3	729 Epic on MI	Getting Student Profile	1554660558944	1554660559859	OK	 
USER	Epic 729 API scenario	4	START	1554660561149	1554660561149
REQUEST	Epic 729 API scenario	4		Authorize - /authorize	1554660561151	1554660561776	OK	 
REQUEST	Epic 729 API scenario	2	729 Epic on MI	Creating Assessment	1554660561809	1554660562075	KO	status.find.is(201), but actually found 500
GROUP	Epic 729 API scenario	2	729 Epic on MI	1554660555862	1554660562078	1192	KO
REQUEST	Epic 729 API scenario	2	729 Epic on MI	Getting Student Profile	1554660562080	1554660562341	OK	 
REQUEST	Epic 729 API scenario	4	729 Epic on MI	Getting Student Profile	1554660561781	1554660562980	OK	 
USER	Epic 729 API scenario	5	START	1554660563918	1554660563918
REQUEST	Epic 729 API scenario	5		Authorize - /authorize	1554660563920	1554660564802	OK	 
REQUEST	Epic 729 API scenario	1	729 Epic on MI	Creating Assessment	1554660564769	1554660565292	KO	status.find.is(201), but actually found 500
GROUP	Epic 729 API scenario	1	729 Epic on MI	1554660559526	1554660565295	789	KO
REQUEST	Epic 729 API scenario	3	729 Epic on MI	Creating Assessment	1554660564879	1554660565292	KO	status.find.is(201), but actually found 500
GROUP	Epic 729 API scenario	3	729 Epic on MI	1554660558944	1554660565296	1328	KO
USER	Epic 729 API scenario	1	END	1554660551133	1554660565337
REQUEST	Epic 729 API scenario	3	729 Epic on MI	Getting Student Profile	1554660565298	1554660565745	OK	 
REQUEST	Epic 729 API scenario	5	729 Epic on MI	Getting Student Profile	1554660564805	1554660566459	OK	 
USER	Epic 729 API scenario	6	START	1554660567009	1554660567009
REQUEST	Epic 729 API scenario	6		Authorize - /authorize	1554660567011	1554660567586	OK	 
REQUEST	Epic 729 API scenario	2	729 Epic on MI	Creating Assessment	1554660567330	1554660567595	KO	status.find.is(201), but actually found 500
GROUP	Epic 729 API scenario	2	729 Epic on MI	1554660562080	1554660567597	526	KO
USER	Epic 729 API scenario	2	END	1554660555289	1554660567598
REQUEST	Epic 729 API scenario	4	729 Epic on MI	Creating Assessment	1554660567999	1554660568466	KO	status.find.is(201), but actually found 500
GROUP	Epic 729 API scenario	4	729 Epic on MI	1554660561780	1554660568469	1666	KO
REQUEST	Epic 729 API scenario	4	729 Epic on MI	Getting Student Profile	1554660568470	1554660568752	OK	 
REQUEST	Epic 729 API scenario	6	729 Epic on MI	Getting Student Profile	1554660567590	1554660568958	OK	 
REQUEST	Epic 729 API scenario	3	729 Epic on MI	Creating Assessment	1554660570740	1554660571005	KO	status.find.is(201), but actually found 500
GROUP	Epic 729 API scenario	3	729 Epic on MI	1554660565297	1554660571007	712	KO
USER	Epic 729 API scenario	3	END	1554660558379	1554660571008
REQUEST	Epic 729 API scenario	5	729 Epic on MI	Creating Assessment	1554660571479	1554660571749	KO	status.find.is(201), but actually found 500
GROUP	Epic 729 API scenario	5	729 Epic on MI	1554660564805	1554660571753	1924	KO
REQUEST	Epic 729 API scenario	5	729 Epic on MI	Getting Student Profile	1554660571754	1554660572026	OK	 
REQUEST	Epic 729 API scenario	4	729 Epic on MI	Creating Assessment	1554660573749	1554660574015	KO	status.find.is(201), but actually found 500
GROUP	Epic 729 API scenario	4	729 Epic on MI	1554660568470	1554660574018	548	KO
USER	Epic 729 API scenario	4	END	1554660561149	1554660574021
REQUEST	Epic 729 API scenario	6	729 Epic on MI	Creating Assessment	1554660573980	1554660574334	KO	status.find.is(201), but actually found 500
GROUP	Epic 729 API scenario	6	729 Epic on MI	1554660567590	1554660574337	1722	KO
REQUEST	Epic 729 API scenario	6	729 Epic on MI	Getting Student Profile	1554660574338	1554660574647	OK	 
REQUEST	Epic 729 API scenario	5	729 Epic on MI	Creating Assessment	1554660577030	1554660577311	KO	status.find.is(201), but actually found 500
GROUP	Epic 729 API scenario	5	729 Epic on MI	1554660571754	1554660577314	553	KO
USER	Epic 729 API scenario	5	END	1554660563918	1554660577316
REQUEST	Epic 729 API scenario	6	729 Epic on MI	Creating Assessment	1554660579649	1554660580035	KO	status.find.is(201), but actually found 500
GROUP	Epic 729 API scenario	6	729 Epic on MI	1554660574338	1554660580039	695	KO
USER	Epic 729 API scenario	6	END	1554660567009	1554660580040
