RUN	com.hmhco.quality.mi.simulation.EpicSimulation		epicsimulation	1554450485181	Math Inventory Gatling Tests	2.0
USER	Epic 729 API scenario	1	START	1554450486581	1554450486581
REQUEST	Epic 729 API scenario	1		Authorize - /authorize	1554450486613	1554450487591	OK	 
REQUEST	Epic 729 API scenario	1	729 Epic on MI	Getting Student Profile	1554450487643	1554450489706	OK	 
USER	Epic 729 API scenario	2	START	1554450490739	1554450490739
REQUEST	Epic 729 API scenario	2		Authorize - /authorize	1554450490741	1554450491286	OK	 
REQUEST	Epic 729 API scenario	2	729 Epic on MI	Getting Student Profile	1554450491292	1554450492976	OK	 
USER	Epic 729 API scenario	3	START	1554450493829	1554450493829
REQUEST	Epic 729 API scenario	3		Authorize - /authorize	1554450493831	1554450494618	OK	 
REQUEST	Epic 729 API scenario	1	729 Epic on MI	Creating Assessment	1554450494680	1554450495022	OK	 
REQUEST	Epic 729 API scenario	3	729 Epic on MI	Getting Student Profile	1554450494622	1554450495842	OK	 
USER	Epic 729 API scenario	4	START	1554450496599	1554450496599
REQUEST	Epic 729 API scenario	4		Authorize - /authorize	1554450496601	1554450497274	OK	 
REQUEST	Epic 729 API scenario	2	729 Epic on MI	Creating Assessment	1554450498000	1554450498304	OK	 
REQUEST	Epic 729 API scenario	4	729 Epic on MI	Getting Student Profile	1554450497278	1554450498359	OK	 
USER	Epic 729 API scenario	5	START	1554450499370	1554450499370
REQUEST	Epic 729 API scenario	5		Authorize - /authorize	1554450499372	1554450500032	OK	 
REQUEST	Epic 729 API scenario	1	729 Epic on MI	Posting Answer	1554450500026	1554450500555	OK	 
REQUEST	Epic 729 API scenario	3	729 Epic on MI	Creating Assessment	1554450500860	1554450501164	OK	 
REQUEST	Epic 729 API scenario	5	729 Epic on MI	Getting Student Profile	1554450500034	1554450501574	OK	 
USER	Epic 729 API scenario	6	START	1554450502459	1554450502459
REQUEST	Epic 729 API scenario	6		Authorize - /authorize	1554450502461	1554450503213	OK	 
REQUEST	Epic 729 API scenario	2	729 Epic on MI	Posting Answer	1554450503290	1554450503570	OK	 
REQUEST	Epic 729 API scenario	4	729 Epic on MI	Creating Assessment	1554450503380	1554450503657	OK	 
REQUEST	Epic 729 API scenario	6	729 Epic on MI	Getting Student Profile	1554450503216	1554450504090	OK	 
REQUEST	Epic 729 API scenario	3	729 Epic on MI	Posting Answer	1554450506161	1554450506495	OK	 
REQUEST	Epic 729 API scenario	5	729 Epic on MI	Creating Assessment	1554450506589	1554450506897	OK	 
GROUP	Epic 729 API scenario	1	729 Epic on MI	1554450487639	1554450507569	2934	OK
REQUEST	Epic 729 API scenario	1	729 Epic on MI	Getting Student Profile	1554450507574	1554450507823	OK	 
REQUEST	Epic 729 API scenario	4	729 Epic on MI	Posting Answer	1554450508659	1554450509073	OK	 
REQUEST	Epic 729 API scenario	6	729 Epic on MI	Creating Assessment	1554450509110	1554450509560	OK	 
GROUP	Epic 729 API scenario	2	729 Epic on MI	1554450491291	1554450510579	2268	OK
REQUEST	Epic 729 API scenario	2	729 Epic on MI	Getting Student Profile	1554450510580	1554450510901	OK	 
REQUEST	Epic 729 API scenario	5	729 Epic on MI	Posting Answer	1554450511910	1554450512220	OK	 
REQUEST	Epic 729 API scenario	1	729 Epic on MI	Creating Assessment	1554450512810	1554450513245	OK	 
GROUP	Epic 729 API scenario	3	729 Epic on MI	1554450494622	1554450513509	1858	OK
REQUEST	Epic 729 API scenario	3	729 Epic on MI	Getting Student Profile	1554450513511	1554450513860	OK	 
REQUEST	Epic 729 API scenario	6	729 Epic on MI	Posting Answer	1554450514560	1554450514884	OK	 
GROUP	Epic 729 API scenario	4	729 Epic on MI	1554450497277	1554450516078	1772	OK
REQUEST	Epic 729 API scenario	2	729 Epic on MI	Creating Assessment	1554450515900	1554450516178	OK	 
REQUEST	Epic 729 API scenario	4	729 Epic on MI	Getting Student Profile	1554450516080	1554450516527	OK	 
REQUEST	Epic 729 API scenario	1	729 Epic on MI	Posting Answer	1554450518249	1554450518619	OK	 
REQUEST	Epic 729 API scenario	3	729 Epic on MI	Creating Assessment	1554450518850	1554450519139	OK	 
GROUP	Epic 729 API scenario	5	729 Epic on MI	1554450500034	1554450519218	2158	OK
REQUEST	Epic 729 API scenario	5	729 Epic on MI	Getting Student Profile	1554450519220	1554450519471	OK	 
REQUEST	Epic 729 API scenario	2	729 Epic on MI	Posting Answer	1554450521180	1554450521444	OK	 
REQUEST	Epic 729 API scenario	4	729 Epic on MI	Creating Assessment	1554450521530	1554450521854	OK	 
GROUP	Epic 729 API scenario	6	729 Epic on MI	1554450503216	1554450521889	1648	OK
REQUEST	Epic 729 API scenario	6	729 Epic on MI	Getting Student Profile	1554450521891	1554450522256	OK	 
REQUEST	Epic 729 API scenario	3	729 Epic on MI	Posting Answer	1554450524140	1554450524477	OK	 
REQUEST	Epic 729 API scenario	5	729 Epic on MI	Creating Assessment	1554450524470	1554450524917	OK	 
GROUP	Epic 729 API scenario	1	729 Epic on MI	1554450507573	1554450525628	1054	OK
REQUEST	Epic 729 API scenario	1	729 Epic on MI	Getting Student Profile	1554450525630	1554450525888	OK	 
REQUEST	Epic 729 API scenario	4	729 Epic on MI	Posting Answer	1554450526840	1554450527176	OK	 
REQUEST	Epic 729 API scenario	6	729 Epic on MI	Creating Assessment	1554450527250	1554450527581	OK	 
GROUP	Epic 729 API scenario	2	729 Epic on MI	1554450510580	1554450528449	863	OK
REQUEST	Epic 729 API scenario	2	729 Epic on MI	Getting Student Profile	1554450528451	1554450528808	OK	 
REQUEST	Epic 729 API scenario	5	729 Epic on MI	Posting Answer	1554450529920	1554450530452	OK	 
REQUEST	Epic 729 API scenario	1	729 Epic on MI	Creating Assessment	1554450530880	1554450531293	OK	 
GROUP	Epic 729 API scenario	3	729 Epic on MI	1554450513510	1554450531479	975	OK
REQUEST	Epic 729 API scenario	3	729 Epic on MI	Getting Student Profile	1554450531480	1554450531728	OK	 
REQUEST	Epic 729 API scenario	6	729 Epic on MI	Posting Answer	1554450532580	1554450532908	OK	 
REQUEST	Epic 729 API scenario	2	729 Epic on MI	Creating Assessment	1554450533810	1554450534133	OK	 
GROUP	Epic 729 API scenario	4	729 Epic on MI	1554450516080	1554450534188	1107	OK
REQUEST	Epic 729 API scenario	4	729 Epic on MI	Getting Student Profile	1554450534190	1554450534545	OK	 
REQUEST	Epic 729 API scenario	1	729 Epic on MI	Posting Answer	1554450536290	1554450536595	OK	 
REQUEST	Epic 729 API scenario	3	729 Epic on MI	Creating Assessment	1554450536730	1554450537003	OK	 
GROUP	Epic 729 API scenario	5	729 Epic on MI	1554450519219	1554450537449	1230	OK
REQUEST	Epic 729 API scenario	5	729 Epic on MI	Getting Student Profile	1554450537451	1554450537820	OK	 
REQUEST	Epic 729 API scenario	2	729 Epic on MI	Posting Answer	1554450539130	1554450539506	OK	 
REQUEST	Epic 729 API scenario	4	729 Epic on MI	Creating Assessment	1554450539540	1554450539821	OK	 
GROUP	Epic 729 API scenario	6	729 Epic on MI	1554450521890	1554450539919	1024	OK
REQUEST	Epic 729 API scenario	6	729 Epic on MI	Getting Student Profile	1554450539921	1554450540170	OK	 
REQUEST	Epic 729 API scenario	3	729 Epic on MI	Posting Answer	1554450542000	1554450542329	OK	 
REQUEST	Epic 729 API scenario	5	729 Epic on MI	Creating Assessment	1554450542819	1554450543141	OK	 
GROUP	Epic 729 API scenario	1	729 Epic on MI	1554450525629	1554450543609	976	OK
USER	Epic 729 API scenario	1	END	1554450486581	1554450543613
REQUEST	Epic 729 API scenario	4	729 Epic on MI	Posting Answer	1554450544820	1554450545167	OK	 
REQUEST	Epic 729 API scenario	6	729 Epic on MI	Creating Assessment	1554450545160	1554450545605	OK	 
GROUP	Epic 729 API scenario	2	729 Epic on MI	1554450528450	1554450546509	1056	OK
USER	Epic 729 API scenario	2	END	1554450490739	1554450546510
REQUEST	Epic 729 API scenario	5	729 Epic on MI	Posting Answer	1554450548140	1554450548499	OK	 
GROUP	Epic 729 API scenario	3	729 Epic on MI	1554450531479	1554450549338	850	OK
USER	Epic 729 API scenario	3	END	1554450493829	1554450549339
REQUEST	Epic 729 API scenario	6	729 Epic on MI	Posting Answer	1554450550610	1554450550930	OK	 
GROUP	Epic 729 API scenario	4	729 Epic on MI	1554450534190	1554450552179	983	OK
USER	Epic 729 API scenario	4	END	1554450496599	1554450552180
GROUP	Epic 729 API scenario	5	729 Epic on MI	1554450537450	1554450555509	1050	OK
USER	Epic 729 API scenario	5	END	1554450499370	1554450555512
GROUP	Epic 729 API scenario	6	729 Epic on MI	1554450539920	1554450557929	1014	OK
USER	Epic 729 API scenario	6	END	1554450502459	1554450557931
