RUN	com.hmhco.quality.mi.simulation.EpicSimulation		epicsimulation	1554456628068	Math Inventory Gatling Tests	2.0
USER	Epic 729 API scenario	1	START	1554456629449	1554456629449
REQUEST	Epic 729 API scenario	1		Authorize - /authorize	1554456629485	1554456630292	OK	 
REQUEST	Epic 729 API scenario	1	729 Epic on MI	Getting Student Profile	1554456630353	1554456631879	OK	 
USER	Epic 729 API scenario	2	START	1554456633606	1554456633606
REQUEST	Epic 729 API scenario	2		Authorize - /authorize	1554456633608	1554456634138	OK	 
REQUEST	Epic 729 API scenario	2	729 Epic on MI	Getting Student Profile	1554456634144	1554456635269	OK	 
USER	Epic 729 API scenario	3	START	1554456636696	1554456636696
REQUEST	Epic 729 API scenario	1	729 Epic on MI	Creating Assessment	1554456636847	1554456637198	OK	 
REQUEST	Epic 729 API scenario	3		Authorize - /authorize	1554456636697	1554456637214	OK	 
REQUEST	Epic 729 API scenario	3	729 Epic on MI	Getting Student Profile	1554456637216	1554456638353	OK	 
USER	Epic 729 API scenario	4	START	1554456639466	1554456639466
REQUEST	Epic 729 API scenario	4		Authorize - /authorize	1554456639468	1554456640134	OK	 
REQUEST	Epic 729 API scenario	2	729 Epic on MI	Creating Assessment	1554456640286	1554456640662	OK	 
REQUEST	Epic 729 API scenario	4	729 Epic on MI	Getting Student Profile	1554456640139	1554456641286	OK	 
USER	Epic 729 API scenario	5	START	1554456642236	1554456642236
REQUEST	Epic 729 API scenario	1	729 Epic on MI	Posting Answer	1554456642199	1554456642472	OK	 
REQUEST	Epic 729 API scenario	5		Authorize - /authorize	1554456642238	1554456642773	OK	 
REQUEST	Epic 729 API scenario	3	729 Epic on MI	Creating Assessment	1554456643367	1554456643637	OK	 
REQUEST	Epic 729 API scenario	5	729 Epic on MI	Getting Student Profile	1554456642777	1554456643945	OK	 
USER	Epic 729 API scenario	6	START	1554456645336	1554456645336
REQUEST	Epic 729 API scenario	6		Authorize - /authorize	1554456645337	1554456645865	OK	 
REQUEST	Epic 729 API scenario	2	729 Epic on MI	Posting Answer	1554456645656	1554456645919	OK	 
REQUEST	Epic 729 API scenario	4	729 Epic on MI	Creating Assessment	1554456646307	1554456646585	OK	 
REQUEST	Epic 729 API scenario	6	729 Epic on MI	Getting Student Profile	1554456645870	1554456646743	OK	 
REQUEST	Epic 729 API scenario	3	729 Epic on MI	Posting Answer	1554456648647	1554456649022	OK	 
REQUEST	Epic 729 API scenario	5	729 Epic on MI	Creating Assessment	1554456648967	1554456649246	OK	 
GROUP	Epic 729 API scenario	1	729 Epic on MI	1554456630350	1554456649476	2150	OK
REQUEST	Epic 729 API scenario	1	729 Epic on MI	Getting Student Profile	1554456649507	1554456649760	OK	 
REQUEST	Epic 729 API scenario	4	729 Epic on MI	Posting Answer	1554456651587	1554456651846	OK	 
REQUEST	Epic 729 API scenario	6	729 Epic on MI	Creating Assessment	1554456651756	1554456652029	OK	 
GROUP	Epic 729 API scenario	2	729 Epic on MI	1554456634144	1554456652925	1764	OK
REQUEST	Epic 729 API scenario	2	729 Epic on MI	Getting Student Profile	1554456652927	1554456653175	OK	 
REQUEST	Epic 729 API scenario	5	729 Epic on MI	Posting Answer	1554456654246	1554456654512	OK	 
REQUEST	Epic 729 API scenario	1	729 Epic on MI	Creating Assessment	1554456654756	1554456655034	OK	 
GROUP	Epic 729 API scenario	3	729 Epic on MI	1554456637216	1554456656026	1782	OK
REQUEST	Epic 729 API scenario	3	729 Epic on MI	Getting Student Profile	1554456656028	1554456656282	OK	 
REQUEST	Epic 729 API scenario	6	729 Epic on MI	Posting Answer	1554456657036	1554456657308	OK	 
REQUEST	Epic 729 API scenario	2	729 Epic on MI	Creating Assessment	1554456658176	1554456658455	OK	 
GROUP	Epic 729 API scenario	4	729 Epic on MI	1554456640138	1554456658846	1684	OK
REQUEST	Epic 729 API scenario	4	729 Epic on MI	Getting Student Profile	1554456658848	1554456659113	OK	 
REQUEST	Epic 729 API scenario	1	729 Epic on MI	Posting Answer	1554456660047	1554456660417	OK	 
GROUP	Epic 729 API scenario	5	729 Epic on MI	1554456642776	1554456661516	1713	OK
REQUEST	Epic 729 API scenario	3	729 Epic on MI	Creating Assessment	1554456661287	1554456661567	OK	 
REQUEST	Epic 729 API scenario	5	729 Epic on MI	Getting Student Profile	1554456661517	1554456661767	OK	 
REQUEST	Epic 729 API scenario	2	729 Epic on MI	Posting Answer	1554456663457	1554456663728	OK	 
GROUP	Epic 729 API scenario	6	729 Epic on MI	1554456645869	1554456664316	1418	OK
REQUEST	Epic 729 API scenario	4	729 Epic on MI	Creating Assessment	1554456664106	1554456664382	OK	 
REQUEST	Epic 729 API scenario	6	729 Epic on MI	Getting Student Profile	1554456664318	1554456664578	OK	 
REQUEST	Epic 729 API scenario	3	729 Epic on MI	Posting Answer	1554456666556	1554456666820	OK	 
REQUEST	Epic 729 API scenario	5	729 Epic on MI	Creating Assessment	1554456666767	1554456667051	OK	 
GROUP	Epic 729 API scenario	1	729 Epic on MI	1554456649507	1554456667416	901	OK
USER	Epic 729 API scenario	1	END	1554456629449	1554456667423
REQUEST	Epic 729 API scenario	4	729 Epic on MI	Posting Answer	1554456669387	1554456669746	OK	 
REQUEST	Epic 729 API scenario	6	729 Epic on MI	Creating Assessment	1554456669567	1554456669842	OK	 
GROUP	Epic 729 API scenario	2	729 Epic on MI	1554456652926	1554456670736	798	OK
USER	Epic 729 API scenario	2	END	1554456633606	1554456670738
REQUEST	Epic 729 API scenario	5	729 Epic on MI	Posting Answer	1554456672047	1554456672310	OK	 
GROUP	Epic 729 API scenario	3	729 Epic on MI	1554456656027	1554456673825	798	OK
USER	Epic 729 API scenario	3	END	1554456636696	1554456673826
REQUEST	Epic 729 API scenario	6	729 Epic on MI	Posting Answer	1554456674847	1554456675109	OK	 
GROUP	Epic 729 API scenario	4	729 Epic on MI	1554456658847	1554456676746	900	OK
USER	Epic 729 API scenario	4	END	1554456639466	1554456676748
GROUP	Epic 729 API scenario	5	729 Epic on MI	1554456661517	1554456679315	797	OK
USER	Epic 729 API scenario	5	END	1554456642236	1554456679318
GROUP	Epic 729 API scenario	6	729 Epic on MI	1554456664317	1554456682115	797	OK
USER	Epic 729 API scenario	6	END	1554456645336	1554456682117
