RUN	com.hmhco.quality.mi.simulation.EpicSimulation		epicsimulation	1554450279027	Math Inventory Gatling Tests	2.0
USER	Epic 729 API scenario	1	START	1554450280488	1554450280488
REQUEST	Epic 729 API scenario	1		Authorize - /authorize	1554450280523	1554450281509	OK	 
REQUEST	Epic 729 API scenario	1	729 Epic on MI	Getting Student Profile	1554450281574	1554450283295	OK	 
USER	Epic 729 API scenario	2	START	1554450284648	1554450284648
REQUEST	Epic 729 API scenario	2		Authorize - /authorize	1554450284649	1554450285257	OK	 
REQUEST	Epic 729 API scenario	2	729 Epic on MI	Getting Student Profile	1554450285259	1554450286775	OK	 
USER	Epic 729 API scenario	3	START	1554450287738	1554450287738
REQUEST	Epic 729 API scenario	3		Authorize - /authorize	1554450287740	1554450288299	OK	 
REQUEST	Epic 729 API scenario	1	729 Epic on MI	Creating Assessment	1554450288259	1554450288691	OK	 
REQUEST	Epic 729 API scenario	3	729 Epic on MI	Getting Student Profile	1554450288303	1554450289611	OK	 
USER	Epic 729 API scenario	4	START	1554450290507	1554450290507
REQUEST	Epic 729 API scenario	4		Authorize - /authorize	1554450290510	1554450291040	OK	 
REQUEST	Epic 729 API scenario	2	729 Epic on MI	Creating Assessment	1554450291790	1554450292119	OK	 
REQUEST	Epic 729 API scenario	4	729 Epic on MI	Getting Student Profile	1554450291045	1554450292285	OK	 
USER	Epic 729 API scenario	5	START	1554450293278	1554450293278
REQUEST	Epic 729 API scenario	5		Authorize - /authorize	1554450293280	1554450294045	OK	 
REQUEST	Epic 729 API scenario	3	729 Epic on MI	Creating Assessment	1554450294629	1554450294979	OK	 
REQUEST	Epic 729 API scenario	1	729 Epic on MI	Posting Answer	1554450293697	1554450294975	OK	 
REQUEST	Epic 729 API scenario	5	729 Epic on MI	Getting Student Profile	1554450294050	1554450295424	OK	 
USER	Epic 729 API scenario	6	START	1554450296368	1554450296368
REQUEST	Epic 729 API scenario	6		Authorize - /authorize	1554450296371	1554450297224	OK	 
REQUEST	Epic 729 API scenario	2	729 Epic on MI	Posting Answer	1554450297129	1554450297394	OK	 
REQUEST	Epic 729 API scenario	4	729 Epic on MI	Creating Assessment	1554450297309	1554450297589	OK	 
REQUEST	Epic 729 API scenario	6	729 Epic on MI	Getting Student Profile	1554450297229	1554450298439	OK	 
REQUEST	Epic 729 API scenario	3	729 Epic on MI	Posting Answer	1554450299979	1554450300352	OK	 
REQUEST	Epic 729 API scenario	5	729 Epic on MI	Creating Assessment	1554450300440	1554450300719	OK	 
GROUP	Epic 729 API scenario	1	729 Epic on MI	1554450281571	1554450301978	3431	OK
REQUEST	Epic 729 API scenario	1	729 Epic on MI	Getting Student Profile	1554450301983	1554450302337	OK	 
REQUEST	Epic 729 API scenario	4	729 Epic on MI	Posting Answer	1554450302588	1554450302945	OK	 
REQUEST	Epic 729 API scenario	6	729 Epic on MI	Creating Assessment	1554450303459	1554450303764	OK	 
GROUP	Epic 729 API scenario	2	729 Epic on MI	1554450285259	1554450304397	2110	OK
REQUEST	Epic 729 API scenario	2	729 Epic on MI	Getting Student Profile	1554450304399	1554450304686	OK	 
REQUEST	Epic 729 API scenario	5	729 Epic on MI	Posting Answer	1554450305718	1554450306025	OK	 
GROUP	Epic 729 API scenario	3	729 Epic on MI	1554450288302	1554450307358	2031	OK
REQUEST	Epic 729 API scenario	1	729 Epic on MI	Creating Assessment	1554450307339	1554450307656	OK	 
REQUEST	Epic 729 API scenario	3	729 Epic on MI	Getting Student Profile	1554450307360	1554450307656	OK	 
REQUEST	Epic 729 API scenario	6	729 Epic on MI	Posting Answer	1554450308759	1554450309191	OK	 
GROUP	Epic 729 API scenario	4	729 Epic on MI	1554450291044	1554450309948	1877	OK
REQUEST	Epic 729 API scenario	2	729 Epic on MI	Creating Assessment	1554450309689	1554450309971	OK	 
REQUEST	Epic 729 API scenario	4	729 Epic on MI	Getting Student Profile	1554450309950	1554450310214	OK	 
REQUEST	Epic 729 API scenario	3	729 Epic on MI	Creating Assessment	1554450312659	1554450312977	OK	 
REQUEST	Epic 729 API scenario	1	729 Epic on MI	Posting Answer	1554450312659	1554450312977	OK	 
GROUP	Epic 729 API scenario	5	729 Epic on MI	1554450294049	1554450313028	1960	OK
REQUEST	Epic 729 API scenario	5	729 Epic on MI	Getting Student Profile	1554450313030	1554450313387	OK	 
REQUEST	Epic 729 API scenario	2	729 Epic on MI	Posting Answer	1554450314959	1554450315229	OK	 
REQUEST	Epic 729 API scenario	4	729 Epic on MI	Creating Assessment	1554450315198	1554450315744	OK	 
GROUP	Epic 729 API scenario	6	729 Epic on MI	1554450297228	1554450316198	1947	OK
REQUEST	Epic 729 API scenario	6	729 Epic on MI	Getting Student Profile	1554450316199	1554450316464	OK	 
REQUEST	Epic 729 API scenario	3	729 Epic on MI	Posting Answer	1554450317979	1554450318311	OK	 
REQUEST	Epic 729 API scenario	5	729 Epic on MI	Creating Assessment	1554450318389	1554450318765	OK	 
GROUP	Epic 729 API scenario	1	729 Epic on MI	1554450301982	1554450319978	989	OK
USER	Epic 729 API scenario	1	END	1554450280488	1554450319984
REQUEST	Epic 729 API scenario	4	729 Epic on MI	Posting Answer	1554450320749	1554450321168	OK	 
REQUEST	Epic 729 API scenario	6	729 Epic on MI	Creating Assessment	1554450321459	1554450321789	OK	 
GROUP	Epic 729 API scenario	2	729 Epic on MI	1554450304399	1554450322238	839	OK
USER	Epic 729 API scenario	2	END	1554450284648	1554450322240
REQUEST	Epic 729 API scenario	5	729 Epic on MI	Posting Answer	1554450323759	1554450324036	OK	 
GROUP	Epic 729 API scenario	3	729 Epic on MI	1554450307359	1554450325308	946	OK
USER	Epic 729 API scenario	3	END	1554450287738	1554450325309
REQUEST	Epic 729 API scenario	6	729 Epic on MI	Posting Answer	1554450326799	1554450327108	OK	 
GROUP	Epic 729 API scenario	4	729 Epic on MI	1554450309949	1554450328178	1229	OK
USER	Epic 729 API scenario	4	END	1554450290507	1554450328179
GROUP	Epic 729 API scenario	5	729 Epic on MI	1554450313029	1554450331048	1010	OK
USER	Epic 729 API scenario	5	END	1554450293278	1554450331051
GROUP	Epic 729 API scenario	6	729 Epic on MI	1554450316199	1554450334108	904	OK
USER	Epic 729 API scenario	6	END	1554450296368	1554450334110
