RUN	com.hmhco.quality.mi.simulation.EpicSimulation		epicsimulation	1554539641881	Math Inventory Gatling Tests	2.0
USER	Epic 729 API scenario	1	START	1554539643653	1554539643653
REQUEST	Epic 729 API scenario	1		Authorize - /authorize	1554539643687	1554539644724	OK	 
REQUEST	Epic 729 API scenario	1	729 Epic on MI	Getting Student Profile	1554539644809	1554539647075	OK	 
USER	Epic 729 API scenario	2	START	1554539647812	1554539647812
REQUEST	Epic 729 API scenario	2		Authorize - /authorize	1554539647816	1554539648440	OK	 
REQUEST	Epic 729 API scenario	2	729 Epic on MI	Getting Student Profile	1554539648445	1554539650488	OK	 
USER	Epic 729 API scenario	3	START	1554539650903	1554539650903
REQUEST	Epic 729 API scenario	3		Authorize - /authorize	1554539650905	1554539651636	OK	 
REQUEST	Epic 729 API scenario	1	729 Epic on MI	Creating Assessment	1554539652024	1554539652316	KO	status.find.is(201), but actually found 500
GROUP	Epic 729 API scenario	1	729 Epic on MI	1554539644804	1554539652340	2558	KO
REQUEST	Epic 729 API scenario	1	729 Epic on MI	Getting Student Profile	1554539652347	1554539652614	OK	 
REQUEST	Epic 729 API scenario	3	729 Epic on MI	Getting Student Profile	1554539651641	1554539652991	OK	 
USER	Epic 729 API scenario	4	START	1554539653672	1554539653672
REQUEST	Epic 729 API scenario	4		Authorize - /authorize	1554539653675	1554539654276	OK	 
REQUEST	Epic 729 API scenario	2	729 Epic on MI	Creating Assessment	1554539655503	1554539655868	KO	status.find.is(201), but actually found 500
GROUP	Epic 729 API scenario	2	729 Epic on MI	1554539648444	1554539655872	2408	KO
REQUEST	Epic 729 API scenario	4	729 Epic on MI	Getting Student Profile	1554539654279	1554539656122	OK	 
REQUEST	Epic 729 API scenario	2	729 Epic on MI	Getting Student Profile	1554539655873	1554539656139	OK	 
USER	Epic 729 API scenario	5	START	1554539656442	1554539656442
REQUEST	Epic 729 API scenario	5		Authorize - /authorize	1554539656444	1554539657040	OK	 
REQUEST	Epic 729 API scenario	1	729 Epic on MI	Creating Assessment	1554539657583	1554539657859	KO	status.find.is(201), but actually found 500
GROUP	Epic 729 API scenario	1	729 Epic on MI	1554539652347	1554539657862	543	KO
USER	Epic 729 API scenario	1	END	1554539643653	1554539657871
REQUEST	Epic 729 API scenario	5	729 Epic on MI	Getting Student Profile	1554539657045	1554539658044	OK	 
REQUEST	Epic 729 API scenario	3	729 Epic on MI	Creating Assessment	1554539658012	1554539658380	KO	status.find.is(201), but actually found 500
GROUP	Epic 729 API scenario	3	729 Epic on MI	1554539651640	1554539658383	1718	KO
REQUEST	Epic 729 API scenario	3	729 Epic on MI	Getting Student Profile	1554539658383	1554539658677	OK	 
USER	Epic 729 API scenario	6	START	1554539659532	1554539659532
REQUEST	Epic 729 API scenario	6		Authorize - /authorize	1554539659534	1554539660081	OK	 
REQUEST	Epic 729 API scenario	6	729 Epic on MI	Getting Student Profile	1554539660084	1554539661172	OK	 
REQUEST	Epic 729 API scenario	4	729 Epic on MI	Creating Assessment	1554539661143	1554539661475	KO	status.find.is(201), but actually found 500
GROUP	Epic 729 API scenario	4	729 Epic on MI	1554539654279	1554539661478	2175	KO
REQUEST	Epic 729 API scenario	2	729 Epic on MI	Creating Assessment	1554539661133	1554539661475	KO	status.find.is(201), but actually found 500
GROUP	Epic 729 API scenario	2	729 Epic on MI	1554539655873	1554539661479	608	KO
USER	Epic 729 API scenario	2	END	1554539647812	1554539661483
REQUEST	Epic 729 API scenario	4	729 Epic on MI	Getting Student Profile	1554539661479	1554539661783	OK	 
REQUEST	Epic 729 API scenario	5	729 Epic on MI	Creating Assessment	1554539663063	1554539663389	KO	status.find.is(201), but actually found 500
GROUP	Epic 729 API scenario	5	729 Epic on MI	1554539657044	1554539663393	1325	KO
REQUEST	Epic 729 API scenario	5	729 Epic on MI	Getting Student Profile	1554539663394	1554539663682	OK	 
REQUEST	Epic 729 API scenario	3	729 Epic on MI	Creating Assessment	1554539663673	1554539664005	KO	status.find.is(201), but actually found 500
GROUP	Epic 729 API scenario	3	729 Epic on MI	1554539658383	1554539664008	626	KO
USER	Epic 729 API scenario	3	END	1554539650903	1554539664011
REQUEST	Epic 729 API scenario	6	729 Epic on MI	Creating Assessment	1554539666193	1554539666545	KO	status.find.is(201), but actually found 500
GROUP	Epic 729 API scenario	6	729 Epic on MI	1554539660084	1554539666546	1440	KO
REQUEST	Epic 729 API scenario	6	729 Epic on MI	Getting Student Profile	1554539666547	1554539666800	OK	 
REQUEST	Epic 729 API scenario	4	729 Epic on MI	Creating Assessment	1554539666782	1554539667077	KO	status.find.is(201), but actually found 500
GROUP	Epic 729 API scenario	4	729 Epic on MI	1554539661479	1554539667079	599	KO
USER	Epic 729 API scenario	4	END	1554539653672	1554539667082
REQUEST	Epic 729 API scenario	5	729 Epic on MI	Creating Assessment	1554539668682	1554539669020	KO	status.find.is(201), but actually found 500
GROUP	Epic 729 API scenario	5	729 Epic on MI	1554539663394	1554539669022	626	KO
USER	Epic 729 API scenario	5	END	1554539656442	1554539669025
REQUEST	Epic 729 API scenario	6	729 Epic on MI	Creating Assessment	1554539671793	1554539672092	KO	status.find.is(201), but actually found 500
GROUP	Epic 729 API scenario	6	729 Epic on MI	1554539666547	1554539672094	552	KO
USER	Epic 729 API scenario	6	END	1554539659532	1554539672096
